<?xml version="1.0" encoding="UTF-8"?>
<testsuite xmlns:xsi="http://www.w3.org/2001/XMLSchema-instance" xsi:noNamespaceSchemaLocation="https://maven.apache.org/surefire/maven-surefire-plugin/xsd/surefire-test-report-3.0.xsd" version="3.0" name="com.exercicis.TestExercici0008" time="0.075" tests="2" errors="0" skipped="0" failures="0">
  <properties>
    <property name="java.specification.version" value="23"/>
    <property name="sun.jnu.encoding" value="UTF-8"/>
    <property name="java.class.path" value="/home/super/Documents/GitHub/deures00/Deures/Deures00/target/test-classes:/home/super/Documents/GitHub/deures00/Deures/Deures00/target/classes:/home/super/.m2/repository/org/openjfx/javafx-controls/20/javafx-controls-20.jar:/home/super/.m2/repository/org/openjfx/javafx-controls/20/javafx-controls-20-linux.jar:/home/super/.m2/repository/org/openjfx/javafx-fxml/20/javafx-fxml-20.jar:/home/super/.m2/repository/org/openjfx/javafx-fxml/20/javafx-fxml-20-linux.jar:/home/super/.m2/repository/org/openjfx/javafx-base/20/javafx-base-20.jar:/home/super/.m2/repository/org/openjfx/javafx-base/20/javafx-base-20-linux.jar:/home/super/.m2/repository/org/openjfx/javafx-graphics/20/javafx-graphics-20.jar:/home/super/.m2/repository/org/openjfx/javafx-graphics/20/javafx-graphics-20-linux.jar:/home/super/.m2/repository/org/java-websocket/Java-WebSocket/1.5.3/Java-WebSocket-1.5.3.jar:/home/super/.m2/repository/org/json/json/20240303/json-20240303.jar:/home/super/.m2/repository/org/xerial/sqlite-jdbc/3.47.0.0/sqlite-jdbc-3.47.0.0.jar:/home/super/.m2/repository/org/slf4j/slf4j-api/2.0.3/slf4j-api-2.0.3.jar:/home/super/.m2/repository/org/slf4j/slf4j-simple/2.0.3/slf4j-simple-2.0.3.jar:/home/super/.m2/repository/org/jline/jline/3.21.0/jline-3.21.0.jar:/home/super/.m2/repository/org/junit/jupiter/junit-jupiter-api/5.10.2/junit-jupiter-api-5.10.2.jar:/home/super/.m2/repository/org/opentest4j/opentest4j/1.3.0/opentest4j-1.3.0.jar:/home/super/.m2/repository/org/junit/platform/junit-platform-commons/1.10.2/junit-platform-commons-1.10.2.jar:/home/super/.m2/repository/org/apiguardian/apiguardian-api/1.1.2/apiguardian-api-1.1.2.jar:/home/super/.m2/repository/org/junit/jupiter/junit-jupiter-engine/5.10.2/junit-jupiter-engine-5.10.2.jar:/home/super/.m2/repository/org/junit/platform/junit-platform-engine/1.10.2/junit-platform-engine-1.10.2.jar:/home/super/.m2/repository/com/github/stefanbirkner/system-lambda/1.2.1/system-lambda-1.2.1.jar:"/>
    <property name="java.vm.vendor" value="Oracle Corporation"/>
    <property name="sun.arch.data.model" value="64"/>
    <property name="java.vendor.url" value="https://java.oracle.com/"/>
    <property name="os.name" value="Linux"/>
    <property name="java.vm.specification.version" value="23"/>
    <property name="sun.java.launcher" value="SUN_STANDARD"/>
    <property name="user.country" value="ES"/>
    <property name="sun.boot.library.path" value="/usr/lib/jvm/jdk-23.0.1-oracle-x64/lib"/>
    <property name="sun.java.command" value="/home/super/Documents/GitHub/deures00/Deures/Deures00/target/surefire/surefirebooter-20241219162322048_3.jar /home/super/Documents/GitHub/deures00/Deures/Deures00/target/surefire 2024-12-19T16-23-21_977-jvmRun1 surefire-20241219162322048_1tmp surefire_0-20241219162322048_2tmp"/>
    <property name="jdk.debug" value="release"/>
    <property name="test" value="com.exercicis.TestExercici0008"/>
    <property name="surefire.test.class.path" value="/home/super/Documents/GitHub/deures00/Deures/Deures00/target/test-classes:/home/super/Documents/GitHub/deures00/Deures/Deures00/target/classes:/home/super/.m2/repository/org/openjfx/javafx-controls/20/javafx-controls-20.jar:/home/super/.m2/repository/org/openjfx/javafx-controls/20/javafx-controls-20-linux.jar:/home/super/.m2/repository/org/openjfx/javafx-fxml/20/javafx-fxml-20.jar:/home/super/.m2/repository/org/openjfx/javafx-fxml/20/javafx-fxml-20-linux.jar:/home/super/.m2/repository/org/openjfx/javafx-base/20/javafx-base-20.jar:/home/super/.m2/repository/org/openjfx/javafx-base/20/javafx-base-20-linux.jar:/home/super/.m2/repository/org/openjfx/javafx-graphics/20/javafx-graphics-20.jar:/home/super/.m2/repository/org/openjfx/javafx-graphics/20/javafx-graphics-20-linux.jar:/home/super/.m2/repository/org/java-websocket/Java-WebSocket/1.5.3/Java-WebSocket-1.5.3.jar:/home/super/.m2/repository/org/json/json/20240303/json-20240303.jar:/home/super/.m2/repository/org/xerial/sqlite-jdbc/3.47.0.0/sqlite-jdbc-3.47.0.0.jar:/home/super/.m2/repository/org/slf4j/slf4j-api/2.0.3/slf4j-api-2.0.3.jar:/home/super/.m2/repository/org/slf4j/slf4j-simple/2.0.3/slf4j-simple-2.0.3.jar:/home/super/.m2/repository/org/jline/jline/3.21.0/jline-3.21.0.jar:/home/super/.m2/repository/org/junit/jupiter/junit-jupiter-api/5.10.2/junit-jupiter-api-5.10.2.jar:/home/super/.m2/repository/org/opentest4j/opentest4j/1.3.0/opentest4j-1.3.0.jar:/home/super/.m2/repository/org/junit/platform/junit-platform-commons/1.10.2/junit-platform-commons-1.10.2.jar:/home/super/.m2/repository/org/apiguardian/apiguardian-api/1.1.2/apiguardian-api-1.1.2.jar:/home/super/.m2/repository/org/junit/jupiter/junit-jupiter-engine/5.10.2/junit-jupiter-engine-5.10.2.jar:/home/super/.m2/repository/org/junit/platform/junit-platform-engine/1.10.2/junit-platform-engine-1.10.2.jar:/home/super/.m2/repository/com/github/stefanbirkner/system-lambda/1.2.1/system-lambda-1.2.1.jar:"/>
    <property name="sun.cpu.endian" value="little"/>
    <property name="user.home" value="/home/super"/>
    <property name="user.language" value="ca"/>
    <property name="java.specification.vendor" value="Oracle Corporation"/>
    <property name="java.version.date" value="2024-10-15"/>
    <property name="java.home" value="/usr/lib/jvm/jdk-23.0.1-oracle-x64"/>
    <property name="file.separator" value="/"/>
    <property name="basedir" value="/home/super/Documents/GitHub/deures00/Deures/Deures00"/>
    <property name="java.vm.compressedOopsMode" value="Zero based"/>
    <property name="line.separator" value="&#10;"/>
    <property name="java.specification.name" value="Java Platform API Specification"/>
    <property name="java.vm.specification.vendor" value="Oracle Corporation"/>
    <property name="surefire.real.class.path" value="/home/super/Documents/GitHub/deures00/Deures/Deures00/target/surefire/surefirebooter-20241219162322048_3.jar"/>
    <property name="sun.management.compiler" value="HotSpot 64-Bit Tiered Compilers"/>
    <property name="java.runtime.version" value="23.0.1+11-39"/>
    <property name="user.name" value="super"/>
    <property name="stdout.encoding" value="UTF-8"/>
    <property name="path.separator" value=":"/>
    <property name="os.version" value="6.8.0-51-generic"/>
    <property name="java.runtime.name" value="Java(TM) SE Runtime Environment"/>
    <property name="file.encoding" value="UTF-8"/>
    <property name="java.vm.name" value="Java HotSpot(TM) 64-Bit Server VM"/>
    <property name="localRepository" value="/home/super/.m2/repository"/>
    <property name="java.vendor.url.bug" value="https://bugreport.java.com/bugreport/"/>
    <property name="java.io.tmpdir" value="/tmp"/>
    <property name="java.version" value="23.0.1"/>
    <property name="user.dir" value="/home/super/Documents/GitHub/deures00/Deures/Deures00"/>
    <property name="os.arch" value="amd64"/>
    <property name="java.vm.specification.name" value="Java Virtual Machine Specification"/>
    <property name="native.encoding" value="UTF-8"/>
    <property name="java.library.path" value="/usr/java/packages/lib:/usr/lib64:/lib64:/lib:/usr/lib"/>
    <property name="java.vm.info" value="mixed mode, sharing"/>
    <property name="stderr.encoding" value="UTF-8"/>
    <property name="java.vendor" value="Oracle Corporation"/>
    <property name="java.vm.version" value="23.0.1+11-39"/>
    <property name="sun.io.unicode.encoding" value="UnicodeLittle"/>
    <property name="java.class.version" value="67.0"/>
  </properties>
  <testcase name="testGeneraImparells" classname="com.exercicis.TestExercici0008" time="0.028"/>
  <testcase name="testMainFunction" classname="com.exercicis.TestExercici0008" time="0.021"/>
</testsuite>